{"/proustibat/occurences/main.js":{"path":"/proustibat/occurences/main.js","s":{"1":1,"2":1,"3":19,"4":19,"5":19,"6":19,"7":19,"8":19,"9":19,"10":19,"11":19,"12":19,"13":19,"14":14,"15":123,"16":123,"17":90,"18":90,"19":19,"20":1,"21":4,"22":4,"23":3,"24":4,"25":2,"26":1,"27":4,"28":2,"29":4,"30":1,"31":19,"32":6,"33":2,"34":1,"35":1,"36":1,"37":1,"38":3,"39":1,"40":1,"41":3,"42":3,"43":2,"44":1,"45":2,"46":2,"47":1,"48":1,"49":1,"50":1,"51":3,"52":1,"53":1,"54":3,"55":3,"56":2,"57":1,"58":2,"59":2,"60":1,"61":1,"62":1,"63":1,"64":3,"65":1,"66":1,"67":3,"68":2,"69":1,"70":2,"71":2,"72":1,"73":1,"74":1,"75":1,"76":3,"77":1,"78":1,"79":3,"80":2,"81":1,"82":2,"83":5,"84":5,"85":5,"86":1,"87":4,"88":1,"89":3,"90":3,"91":3,"92":6,"93":108,"94":52,"95":56,"96":6,"97":6,"98":60,"99":6,"100":1},"b":{"1":[4,15],"2":[14,5],"3":[29,61],"4":[3,1],"5":[4,4,4],"6":[2,2],"7":[4,4,3,2],"8":[1,1],"9":[2,2],"10":[4,4,3],"11":[1,1],"12":[2,1],"13":[1,1],"14":[2,1],"15":[1,1],"16":[2,1],"17":[1,1],"18":[2,1],"19":[1,4],"20":[1,4],"21":[5,2],"22":[1,3],"23":[4,3],"24":[1,2],"25":[52,56]},"f":{"1":19,"2":4,"3":19,"4":6,"5":2,"6":3,"7":3,"8":2,"9":3,"10":3,"11":2,"12":3,"13":3,"14":2,"15":3,"16":3,"17":5,"18":6,"19":108,"20":60},"fnMap":{"1":{"name":"Occurences","line":7,"loc":{"start":{"line":7,"column":19},"end":{"line":7,"column":54}}},"2":{"name":"(anonymous_2)","line":37,"loc":{"start":{"line":37,"column":21},"end":{"line":37,"column":39}}},"3":{"name":"(anonymous_3)","line":59,"loc":{"start":{"line":59,"column":15},"end":{"line":59,"column":18}}},"4":{"name":"(anonymous_4)","line":67,"loc":{"start":{"line":67,"column":13},"end":{"line":67,"column":16}}},"5":{"name":"(anonymous_5)","line":75,"loc":{"start":{"line":75,"column":16},"end":{"line":75,"column":19}}},"6":{"name":"lessUsedForEach","line":82,"loc":{"start":{"line":82,"column":45},"end":{"line":82,"column":75}}},"7":{"name":"lessUsedForEach","line":86,"loc":{"start":{"line":86,"column":45},"end":{"line":86,"column":75}}},"8":{"name":"(anonymous_8)","line":104,"loc":{"start":{"line":104,"column":16},"end":{"line":104,"column":19}}},"9":{"name":"mostUsedForEach","line":111,"loc":{"start":{"line":111,"column":45},"end":{"line":111,"column":75}}},"10":{"name":"mostUsedForEach","line":115,"loc":{"start":{"line":115,"column":45},"end":{"line":115,"column":75}}},"11":{"name":"(anonymous_11)","line":133,"loc":{"start":{"line":133,"column":15},"end":{"line":133,"column":18}}},"12":{"name":"longestForEach","line":139,"loc":{"start":{"line":139,"column":45},"end":{"line":139,"column":74}}},"13":{"name":"longestForEach","line":143,"loc":{"start":{"line":143,"column":45},"end":{"line":143,"column":74}}},"14":{"name":"(anonymous_14)","line":157,"loc":{"start":{"line":157,"column":16},"end":{"line":157,"column":19}}},"15":{"name":"smallestForEach","line":163,"loc":{"start":{"line":163,"column":45},"end":{"line":163,"column":75}}},"16":{"name":"smallestForEach","line":167,"loc":{"start":{"line":167,"column":45},"end":{"line":167,"column":75}}},"17":{"name":"(anonymous_17)","line":182,"loc":{"start":{"line":182,"column":15},"end":{"line":182,"column":31}}},"18":{"name":"(anonymous_18)","line":207,"loc":{"start":{"line":207,"column":10},"end":{"line":207,"column":33}}},"19":{"name":"(anonymous_19)","line":209,"loc":{"start":{"line":209,"column":49},"end":{"line":209,"column":62}}},"20":{"name":"(anonymous_20)","line":218,"loc":{"start":{"line":218,"column":27},"end":{"line":218,"column":41}}}},"statementMap":{"1":{"start":{"line":1,"column":0},"end":{"line":5,"column":2}},"2":{"start":{"line":7,"column":0},"end":{"line":35,"column":2}},"3":{"start":{"line":8,"column":4},"end":{"line":8,"column":23}},"4":{"start":{"line":9,"column":4},"end":{"line":9,"column":21}},"5":{"start":{"line":10,"column":4},"end":{"line":10,"column":26}},"6":{"start":{"line":11,"column":4},"end":{"line":11,"column":26}},"7":{"start":{"line":12,"column":4},"end":{"line":12,"column":26}},"8":{"start":{"line":13,"column":4},"end":{"line":13,"column":26}},"9":{"start":{"line":14,"column":4},"end":{"line":14,"column":28}},"10":{"start":{"line":15,"column":4},"end":{"line":15,"column":27}},"11":{"start":{"line":17,"column":4},"end":{"line":17,"column":63}},"12":{"start":{"line":18,"column":4},"end":{"line":18,"column":58}},"13":{"start":{"line":21,"column":4},"end":{"line":33,"column":5}},"14":{"start":{"line":22,"column":8},"end":{"line":32,"column":19}},"15":{"start":{"line":26,"column":26},"end":{"line":26,"column":44}},"16":{"start":{"line":27,"column":29},"end":{"line":27,"column":42}},"17":{"start":{"line":30,"column":16},"end":{"line":30,"column":68}},"18":{"start":{"line":31,"column":16},"end":{"line":31,"column":31}},"19":{"start":{"line":34,"column":4},"end":{"line":34,"column":16}},"20":{"start":{"line":37,"column":0},"end":{"line":52,"column":2}},"21":{"start":{"line":38,"column":4},"end":{"line":38,"column":17}},"22":{"start":{"line":40,"column":4},"end":{"line":42,"column":5}},"23":{"start":{"line":41,"column":8},"end":{"line":41,"column":50}},"24":{"start":{"line":44,"column":4},"end":{"line":46,"column":5}},"25":{"start":{"line":45,"column":8},"end":{"line":45,"column":138}},"26":{"start":{"line":45,"column":94},"end":{"line":45,"column":118}},"27":{"start":{"line":48,"column":4},"end":{"line":50,"column":5}},"28":{"start":{"line":49,"column":8},"end":{"line":49,"column":44}},"29":{"start":{"line":51,"column":4},"end":{"line":51,"column":15}},"30":{"start":{"line":54,"column":0},"end":{"line":223,"column":2}},"31":{"start":{"line":60,"column":8},"end":{"line":60,"column":29}},"32":{"start":{"line":68,"column":8},"end":{"line":68,"column":27}},"33":{"start":{"line":77,"column":8},"end":{"line":96,"column":9}},"34":{"start":{"line":78,"column":12},"end":{"line":78,"column":25}},"35":{"start":{"line":79,"column":12},"end":{"line":79,"column":30}},"36":{"start":{"line":80,"column":12},"end":{"line":80,"column":31}},"37":{"start":{"line":82,"column":12},"end":{"line":84,"column":26}},"38":{"start":{"line":83,"column":16},"end":{"line":83,"column":49}},"39":{"start":{"line":85,"column":12},"end":{"line":85,"column":55}},"40":{"start":{"line":86,"column":12},"end":{"line":91,"column":26}},"41":{"start":{"line":87,"column":16},"end":{"line":87,"column":45}},"42":{"start":{"line":88,"column":16},"end":{"line":90,"column":17}},"43":{"start":{"line":89,"column":20},"end":{"line":89,"column":39}},"44":{"start":{"line":95,"column":12},"end":{"line":95,"column":38}},"45":{"start":{"line":97,"column":8},"end":{"line":97,"column":30}},"46":{"start":{"line":106,"column":8},"end":{"line":125,"column":9}},"47":{"start":{"line":107,"column":12},"end":{"line":107,"column":29}},"48":{"start":{"line":108,"column":12},"end":{"line":108,"column":30}},"49":{"start":{"line":109,"column":12},"end":{"line":109,"column":31}},"50":{"start":{"line":111,"column":12},"end":{"line":113,"column":26}},"51":{"start":{"line":112,"column":16},"end":{"line":112,"column":49}},"52":{"start":{"line":114,"column":12},"end":{"line":114,"column":55}},"53":{"start":{"line":115,"column":12},"end":{"line":120,"column":26}},"54":{"start":{"line":116,"column":16},"end":{"line":116,"column":45}},"55":{"start":{"line":117,"column":16},"end":{"line":119,"column":17}},"56":{"start":{"line":118,"column":20},"end":{"line":118,"column":39}},"57":{"start":{"line":124,"column":12},"end":{"line":124,"column":38}},"58":{"start":{"line":126,"column":8},"end":{"line":126,"column":30}},"59":{"start":{"line":134,"column":8},"end":{"line":149,"column":9}},"60":{"start":{"line":135,"column":12},"end":{"line":135,"column":30}},"61":{"start":{"line":136,"column":12},"end":{"line":136,"column":29}},"62":{"start":{"line":137,"column":12},"end":{"line":137,"column":31}},"63":{"start":{"line":139,"column":12},"end":{"line":141,"column":26}},"64":{"start":{"line":140,"column":16},"end":{"line":140,"column":43}},"65":{"start":{"line":142,"column":12},"end":{"line":142,"column":56}},"66":{"start":{"line":143,"column":12},"end":{"line":147,"column":26}},"67":{"start":{"line":144,"column":16},"end":{"line":146,"column":17}},"68":{"start":{"line":145,"column":20},"end":{"line":145,"column":38}},"69":{"start":{"line":148,"column":12},"end":{"line":148,"column":37}},"70":{"start":{"line":150,"column":8},"end":{"line":150,"column":30}},"71":{"start":{"line":158,"column":8},"end":{"line":173,"column":9}},"72":{"start":{"line":159,"column":12},"end":{"line":159,"column":26}},"73":{"start":{"line":160,"column":12},"end":{"line":160,"column":30}},"74":{"start":{"line":161,"column":12},"end":{"line":161,"column":31}},"75":{"start":{"line":163,"column":12},"end":{"line":165,"column":26}},"76":{"start":{"line":164,"column":16},"end":{"line":164,"column":43}},"77":{"start":{"line":166,"column":12},"end":{"line":166,"column":56}},"78":{"start":{"line":167,"column":12},"end":{"line":171,"column":26}},"79":{"start":{"line":168,"column":16},"end":{"line":170,"column":17}},"80":{"start":{"line":169,"column":20},"end":{"line":169,"column":39}},"81":{"start":{"line":172,"column":12},"end":{"line":172,"column":38}},"82":{"start":{"line":174,"column":8},"end":{"line":174,"column":30}},"83":{"start":{"line":185,"column":8},"end":{"line":185,"column":62}},"84":{"start":{"line":188,"column":8},"end":{"line":188,"column":36}},"85":{"start":{"line":191,"column":8},"end":{"line":193,"column":9}},"86":{"start":{"line":192,"column":12},"end":{"line":192,"column":35}},"87":{"start":{"line":194,"column":8},"end":{"line":196,"column":9}},"88":{"start":{"line":195,"column":12},"end":{"line":195,"column":36}},"89":{"start":{"line":199,"column":8},"end":{"line":199,"column":57}},"90":{"start":{"line":200,"column":8},"end":{"line":200,"column":58}},"91":{"start":{"line":203,"column":8},"end":{"line":203,"column":69}},"92":{"start":{"line":209,"column":8},"end":{"line":216,"column":22}},"93":{"start":{"line":210,"column":12},"end":{"line":215,"column":13}},"94":{"start":{"line":211,"column":16},"end":{"line":211,"column":41}},"95":{"start":{"line":214,"column":16},"end":{"line":214,"column":43}},"96":{"start":{"line":217,"column":8},"end":{"line":217,"column":24}},"97":{"start":{"line":218,"column":8},"end":{"line":220,"column":22}},"98":{"start":{"line":219,"column":12},"end":{"line":219,"column":37}},"99":{"start":{"line":221,"column":8},"end":{"line":221,"column":22}},"100":{"start":{"line":228,"column":0},"end":{"line":228,"column":28}}},"branchMap":{"1":{"line":17,"type":"cond-expr","locations":[{"start":{"line":17,"column":24},"end":{"line":17,"column":45}},{"start":{"line":17,"column":48},"end":{"line":17,"column":62}}]},"2":{"line":21,"type":"if","locations":[{"start":{"line":21,"column":4},"end":{"line":21,"column":4}},{"start":{"line":21,"column":4},"end":{"line":21,"column":4}}]},"3":{"line":30,"type":"cond-expr","locations":[{"start":{"line":30,"column":48},"end":{"line":30,"column":63}},{"start":{"line":30,"column":66},"end":{"line":30,"column":67}}]},"4":{"line":40,"type":"if","locations":[{"start":{"line":40,"column":4},"end":{"line":40,"column":4}},{"start":{"line":40,"column":4},"end":{"line":40,"column":4}}]},"5":{"line":40,"type":"binary-expr","locations":[{"start":{"line":40,"column":8},"end":{"line":40,"column":38}},{"start":{"line":40,"column":42},"end":{"line":40,"column":86}},{"start":{"line":40,"column":90},"end":{"line":40,"column":132}}]},"6":{"line":44,"type":"if","locations":[{"start":{"line":44,"column":4},"end":{"line":44,"column":4}},{"start":{"line":44,"column":4},"end":{"line":44,"column":4}}]},"7":{"line":44,"type":"binary-expr","locations":[{"start":{"line":44,"column":7},"end":{"line":44,"column":31}},{"start":{"line":44,"column":35},"end":{"line":44,"column":73}},{"start":{"line":44,"column":78},"end":{"line":44,"column":113}},{"start":{"line":44,"column":117},"end":{"line":44,"column":154}}]},"8":{"line":45,"type":"cond-expr","locations":[{"start":{"line":45,"column":62},"end":{"line":45,"column":119}},{"start":{"line":45,"column":122},"end":{"line":45,"column":137}}]},"9":{"line":48,"type":"if","locations":[{"start":{"line":48,"column":4},"end":{"line":48,"column":4}},{"start":{"line":48,"column":4},"end":{"line":48,"column":4}}]},"10":{"line":48,"type":"binary-expr","locations":[{"start":{"line":48,"column":7},"end":{"line":48,"column":34}},{"start":{"line":48,"column":38},"end":{"line":48,"column":79}},{"start":{"line":48,"column":83},"end":{"line":48,"column":121}}]},"11":{"line":77,"type":"if","locations":[{"start":{"line":77,"column":8},"end":{"line":77,"column":8}},{"start":{"line":77,"column":8},"end":{"line":77,"column":8}}]},"12":{"line":88,"type":"if","locations":[{"start":{"line":88,"column":16},"end":{"line":88,"column":16}},{"start":{"line":88,"column":16},"end":{"line":88,"column":16}}]},"13":{"line":106,"type":"if","locations":[{"start":{"line":106,"column":8},"end":{"line":106,"column":8}},{"start":{"line":106,"column":8},"end":{"line":106,"column":8}}]},"14":{"line":117,"type":"if","locations":[{"start":{"line":117,"column":16},"end":{"line":117,"column":16}},{"start":{"line":117,"column":16},"end":{"line":117,"column":16}}]},"15":{"line":134,"type":"if","locations":[{"start":{"line":134,"column":8},"end":{"line":134,"column":8}},{"start":{"line":134,"column":8},"end":{"line":134,"column":8}}]},"16":{"line":144,"type":"if","locations":[{"start":{"line":144,"column":16},"end":{"line":144,"column":16}},{"start":{"line":144,"column":16},"end":{"line":144,"column":16}}]},"17":{"line":158,"type":"if","locations":[{"start":{"line":158,"column":8},"end":{"line":158,"column":8}},{"start":{"line":158,"column":8},"end":{"line":158,"column":8}}]},"18":{"line":168,"type":"if","locations":[{"start":{"line":168,"column":16},"end":{"line":168,"column":16}},{"start":{"line":168,"column":16},"end":{"line":168,"column":16}}]},"19":{"line":185,"type":"cond-expr","locations":[{"start":{"line":185,"column":47},"end":{"line":185,"column":53}},{"start":{"line":185,"column":56},"end":{"line":185,"column":61}}]},"20":{"line":191,"type":"if","locations":[{"start":{"line":191,"column":8},"end":{"line":191,"column":8}},{"start":{"line":191,"column":8},"end":{"line":191,"column":8}}]},"21":{"line":191,"type":"binary-expr","locations":[{"start":{"line":191,"column":11},"end":{"line":191,"column":25}},{"start":{"line":191,"column":29},"end":{"line":191,"column":53}}]},"22":{"line":194,"type":"if","locations":[{"start":{"line":194,"column":8},"end":{"line":194,"column":8}},{"start":{"line":194,"column":8},"end":{"line":194,"column":8}}]},"23":{"line":194,"type":"binary-expr","locations":[{"start":{"line":194,"column":11},"end":{"line":194,"column":26}},{"start":{"line":194,"column":30},"end":{"line":194,"column":55}}]},"24":{"line":203,"type":"cond-expr","locations":[{"start":{"line":203,"column":35},"end":{"line":203,"column":50}},{"start":{"line":203,"column":53},"end":{"line":203,"column":68}}]},"25":{"line":210,"type":"if","locations":[{"start":{"line":210,"column":12},"end":{"line":210,"column":12}},{"start":{"line":210,"column":12},"end":{"line":210,"column":12}}]}}}}