{"/workspace/projects/occurences/main.js":{"path":"/workspace/projects/occurences/main.js","s":{"1":1,"2":1,"3":24,"4":24,"5":24,"6":24,"7":24,"8":24,"9":24,"10":24,"11":24,"12":24,"13":24,"14":19,"15":145,"16":145,"17":105,"18":101,"19":101,"20":24,"21":1,"22":9,"23":9,"24":9,"25":18,"26":7,"27":9,"28":5,"29":4,"30":9,"31":1,"32":19,"33":11,"34":2,"35":2,"36":2,"37":2,"38":4,"39":2,"40":2,"41":2,"42":2,"43":6,"44":2,"45":1,"46":1,"47":2,"48":6,"49":6,"50":4,"51":2,"52":2,"53":2,"54":2,"55":2,"56":2,"57":4,"58":2,"59":2,"60":2,"61":2,"62":6,"63":2,"64":1,"65":1,"66":2,"67":6,"68":4,"69":2,"70":2,"71":5,"72":5,"73":5,"74":1,"75":4,"76":1,"77":3,"78":3,"79":3,"80":6,"81":108,"82":52,"83":56,"84":6,"85":6,"86":60,"87":6,"88":1},"b":{"1":[9,15],"2":[19,5],"3":[5,140],"4":[29,72],"5":[7,11],"6":[18,18,9],"7":[5,4],"8":[9,9,6,4],"9":[3,2],"10":[2,2],"11":[1,1],"12":[4,2],"13":[2,2],"14":[1,1],"15":[4,2],"16":[1,4],"17":[1,4],"18":[5,2],"19":[1,3],"20":[4,3],"21":[1,2],"22":[52,56]},"f":{"1":24,"2":9,"3":19,"4":11,"5":2,"6":2,"7":4,"8":2,"9":2,"10":4,"11":5,"12":6},"fnMap":{"1":{"name":"Occurences","line":7,"loc":{"start":{"line":7,"column":19},"end":{"line":7,"column":54}}},"2":{"name":"(anonymous_2)","line":40,"loc":{"start":{"line":40,"column":21},"end":{"line":40,"column":39}}},"3":{"name":"(anonymous_3)","line":70,"loc":{"start":{"line":70,"column":15},"end":{"line":70,"column":18}}},"4":{"name":"(anonymous_4)","line":78,"loc":{"start":{"line":78,"column":13},"end":{"line":78,"column":16}}},"5":{"name":"(anonymous_5)","line":86,"loc":{"start":{"line":86,"column":16},"end":{"line":86,"column":19}}},"6":{"name":"(anonymous_6)","line":95,"loc":{"start":{"line":95,"column":16},"end":{"line":95,"column":19}}},"7":{"name":"(anonymous_7)","line":100,"loc":{"start":{"line":100,"column":18},"end":{"line":100,"column":45}}},"8":{"name":"(anonymous_8)","line":131,"loc":{"start":{"line":131,"column":15},"end":{"line":131,"column":18}}},"9":{"name":"(anonymous_9)","line":140,"loc":{"start":{"line":140,"column":16},"end":{"line":140,"column":19}}},"10":{"name":"(anonymous_10)","line":145,"loc":{"start":{"line":145,"column":20},"end":{"line":145,"column":47}}},"11":{"name":"(anonymous_11)","line":176,"loc":{"start":{"line":176,"column":15},"end":{"line":176,"column":31}}},"12":{"name":"(anonymous_12)","line":201,"loc":{"start":{"line":201,"column":10},"end":{"line":201,"column":33}}}},"statementMap":{"1":{"start":{"line":1,"column":0},"end":{"line":5,"column":2}},"2":{"start":{"line":7,"column":0},"end":{"line":38,"column":2}},"3":{"start":{"line":8,"column":4},"end":{"line":8,"column":23}},"4":{"start":{"line":9,"column":4},"end":{"line":9,"column":21}},"5":{"start":{"line":10,"column":4},"end":{"line":10,"column":26}},"6":{"start":{"line":11,"column":4},"end":{"line":11,"column":26}},"7":{"start":{"line":12,"column":4},"end":{"line":12,"column":26}},"8":{"start":{"line":13,"column":4},"end":{"line":13,"column":26}},"9":{"start":{"line":14,"column":4},"end":{"line":14,"column":28}},"10":{"start":{"line":15,"column":4},"end":{"line":15,"column":27}},"11":{"start":{"line":17,"column":4},"end":{"line":17,"column":63}},"12":{"start":{"line":18,"column":4},"end":{"line":18,"column":58}},"13":{"start":{"line":21,"column":4},"end":{"line":36,"column":5}},"14":{"start":{"line":22,"column":8},"end":{"line":35,"column":19}},"15":{"start":{"line":27,"column":16},"end":{"line":27,"column":79}},"16":{"start":{"line":29,"column":29},"end":{"line":29,"column":67}},"17":{"start":{"line":30,"column":29},"end":{"line":30,"column":71}},"18":{"start":{"line":33,"column":16},"end":{"line":33,"column":68}},"19":{"start":{"line":34,"column":16},"end":{"line":34,"column":31}},"20":{"start":{"line":37,"column":4},"end":{"line":37,"column":16}},"21":{"start":{"line":40,"column":0},"end":{"line":63,"column":2}},"22":{"start":{"line":41,"column":4},"end":{"line":41,"column":17}},"23":{"start":{"line":44,"column":4},"end":{"line":44,"column":53}},"24":{"start":{"line":45,"column":4},"end":{"line":51,"column":7}},"25":{"start":{"line":46,"column":8},"end":{"line":50,"column":9}},"26":{"start":{"line":49,"column":12},"end":{"line":49,"column":36}},"27":{"start":{"line":54,"column":4},"end":{"line":61,"column":5}},"28":{"start":{"line":57,"column":8},"end":{"line":60,"column":34}},"29":{"start":{"line":59,"column":48},"end":{"line":59,"column":72}},"30":{"start":{"line":62,"column":4},"end":{"line":62,"column":15}},"31":{"start":{"line":65,"column":0},"end":{"line":217,"column":2}},"32":{"start":{"line":71,"column":8},"end":{"line":71,"column":29}},"33":{"start":{"line":79,"column":8},"end":{"line":79,"column":27}},"34":{"start":{"line":87,"column":8},"end":{"line":87,"column":67}},"35":{"start":{"line":88,"column":8},"end":{"line":88,"column":30}},"36":{"start":{"line":96,"column":8},"end":{"line":96,"column":67}},"37":{"start":{"line":97,"column":8},"end":{"line":97,"column":30}},"38":{"start":{"line":102,"column":8},"end":{"line":123,"column":9}},"39":{"start":{"line":104,"column":12},"end":{"line":104,"column":29}},"40":{"start":{"line":105,"column":12},"end":{"line":105,"column":28}},"41":{"start":{"line":106,"column":12},"end":{"line":106,"column":31}},"42":{"start":{"line":107,"column":12},"end":{"line":109,"column":15}},"43":{"start":{"line":108,"column":16},"end":{"line":108,"column":49}},"44":{"start":{"line":111,"column":12},"end":{"line":112,"column":61}},"45":{"start":{"line":111,"column":32},"end":{"line":111,"column":75}},"46":{"start":{"line":112,"column":18},"end":{"line":112,"column":61}},"47":{"start":{"line":114,"column":12},"end":{"line":119,"column":15}},"48":{"start":{"line":115,"column":16},"end":{"line":115,"column":45}},"49":{"start":{"line":116,"column":16},"end":{"line":118,"column":17}},"50":{"start":{"line":117,"column":20},"end":{"line":117,"column":37}},"51":{"start":{"line":120,"column":12},"end":{"line":120,"column":26}},"52":{"start":{"line":122,"column":12},"end":{"line":122,"column":30}},"53":{"start":{"line":132,"column":8},"end":{"line":132,"column":69}},"54":{"start":{"line":133,"column":8},"end":{"line":133,"column":30}},"55":{"start":{"line":141,"column":8},"end":{"line":141,"column":70}},"56":{"start":{"line":142,"column":8},"end":{"line":142,"column":30}},"57":{"start":{"line":147,"column":8},"end":{"line":167,"column":9}},"58":{"start":{"line":148,"column":12},"end":{"line":148,"column":30}},"59":{"start":{"line":149,"column":12},"end":{"line":149,"column":28}},"60":{"start":{"line":150,"column":12},"end":{"line":150,"column":31}},"61":{"start":{"line":152,"column":12},"end":{"line":154,"column":15}},"62":{"start":{"line":153,"column":16},"end":{"line":153,"column":43}},"63":{"start":{"line":156,"column":12},"end":{"line":157,"column":74}},"64":{"start":{"line":156,"column":32},"end":{"line":156,"column":76}},"65":{"start":{"line":157,"column":18},"end":{"line":157,"column":74}},"66":{"start":{"line":159,"column":12},"end":{"line":163,"column":15}},"67":{"start":{"line":160,"column":16},"end":{"line":162,"column":17}},"68":{"start":{"line":161,"column":20},"end":{"line":161,"column":37}},"69":{"start":{"line":164,"column":12},"end":{"line":164,"column":26}},"70":{"start":{"line":166,"column":12},"end":{"line":166,"column":30}},"71":{"start":{"line":179,"column":8},"end":{"line":179,"column":62}},"72":{"start":{"line":182,"column":8},"end":{"line":182,"column":36}},"73":{"start":{"line":185,"column":8},"end":{"line":187,"column":9}},"74":{"start":{"line":186,"column":12},"end":{"line":186,"column":35}},"75":{"start":{"line":188,"column":8},"end":{"line":190,"column":9}},"76":{"start":{"line":189,"column":12},"end":{"line":189,"column":36}},"77":{"start":{"line":193,"column":8},"end":{"line":193,"column":57}},"78":{"start":{"line":194,"column":8},"end":{"line":194,"column":58}},"79":{"start":{"line":197,"column":8},"end":{"line":197,"column":69}},"80":{"start":{"line":203,"column":8},"end":{"line":210,"column":11}},"81":{"start":{"line":204,"column":12},"end":{"line":209,"column":13}},"82":{"start":{"line":205,"column":16},"end":{"line":205,"column":41}},"83":{"start":{"line":208,"column":16},"end":{"line":208,"column":43}},"84":{"start":{"line":211,"column":8},"end":{"line":211,"column":24}},"85":{"start":{"line":212,"column":8},"end":{"line":214,"column":11}},"86":{"start":{"line":213,"column":12},"end":{"line":213,"column":37}},"87":{"start":{"line":215,"column":8},"end":{"line":215,"column":22}},"88":{"start":{"line":219,"column":0},"end":{"line":219,"column":28}}},"branchMap":{"1":{"line":17,"type":"cond-expr","locations":[{"start":{"line":17,"column":24},"end":{"line":17,"column":45}},{"start":{"line":17,"column":48},"end":{"line":17,"column":62}}]},"2":{"line":21,"type":"if","locations":[{"start":{"line":21,"column":4},"end":{"line":21,"column":4}},{"start":{"line":21,"column":4},"end":{"line":21,"column":4}}]},"3":{"line":27,"type":"cond-expr","locations":[{"start":{"line":27,"column":53},"end":{"line":27,"column":57}},{"start":{"line":27,"column":60},"end":{"line":27,"column":78}}]},"4":{"line":33,"type":"cond-expr","locations":[{"start":{"line":33,"column":48},"end":{"line":33,"column":63}},{"start":{"line":33,"column":66},"end":{"line":33,"column":67}}]},"5":{"line":46,"type":"if","locations":[{"start":{"line":46,"column":8},"end":{"line":46,"column":8}},{"start":{"line":46,"column":8},"end":{"line":46,"column":8}}]},"6":{"line":46,"type":"binary-expr","locations":[{"start":{"line":46,"column":12},"end":{"line":46,"column":33}},{"start":{"line":47,"column":15},"end":{"line":47,"column":50}},{"start":{"line":48,"column":15},"end":{"line":48,"column":65}}]},"7":{"line":54,"type":"if","locations":[{"start":{"line":54,"column":4},"end":{"line":54,"column":4}},{"start":{"line":54,"column":4},"end":{"line":54,"column":4}}]},"8":{"line":54,"type":"binary-expr","locations":[{"start":{"line":54,"column":7},"end":{"line":54,"column":31}},{"start":{"line":55,"column":11},"end":{"line":55,"column":49}},{"start":{"line":56,"column":12},"end":{"line":56,"column":47}},{"start":{"line":56,"column":51},"end":{"line":56,"column":88}}]},"9":{"line":58,"type":"cond-expr","locations":[{"start":{"line":59,"column":16},"end":{"line":59,"column":73}},{"start":{"line":60,"column":18},"end":{"line":60,"column":33}}]},"10":{"line":102,"type":"if","locations":[{"start":{"line":102,"column":8},"end":{"line":102,"column":8}},{"start":{"line":102,"column":8},"end":{"line":102,"column":8}}]},"11":{"line":111,"type":"if","locations":[{"start":{"line":111,"column":12},"end":{"line":111,"column":12}},{"start":{"line":111,"column":12},"end":{"line":111,"column":12}}]},"12":{"line":116,"type":"if","locations":[{"start":{"line":116,"column":16},"end":{"line":116,"column":16}},{"start":{"line":116,"column":16},"end":{"line":116,"column":16}}]},"13":{"line":147,"type":"if","locations":[{"start":{"line":147,"column":8},"end":{"line":147,"column":8}},{"start":{"line":147,"column":8},"end":{"line":147,"column":8}}]},"14":{"line":156,"type":"if","locations":[{"start":{"line":156,"column":12},"end":{"line":156,"column":12}},{"start":{"line":156,"column":12},"end":{"line":156,"column":12}}]},"15":{"line":160,"type":"if","locations":[{"start":{"line":160,"column":16},"end":{"line":160,"column":16}},{"start":{"line":160,"column":16},"end":{"line":160,"column":16}}]},"16":{"line":179,"type":"cond-expr","locations":[{"start":{"line":179,"column":47},"end":{"line":179,"column":53}},{"start":{"line":179,"column":56},"end":{"line":179,"column":61}}]},"17":{"line":185,"type":"if","locations":[{"start":{"line":185,"column":8},"end":{"line":185,"column":8}},{"start":{"line":185,"column":8},"end":{"line":185,"column":8}}]},"18":{"line":185,"type":"binary-expr","locations":[{"start":{"line":185,"column":11},"end":{"line":185,"column":25}},{"start":{"line":185,"column":29},"end":{"line":185,"column":53}}]},"19":{"line":188,"type":"if","locations":[{"start":{"line":188,"column":8},"end":{"line":188,"column":8}},{"start":{"line":188,"column":8},"end":{"line":188,"column":8}}]},"20":{"line":188,"type":"binary-expr","locations":[{"start":{"line":188,"column":11},"end":{"line":188,"column":26}},{"start":{"line":188,"column":30},"end":{"line":188,"column":55}}]},"21":{"line":197,"type":"cond-expr","locations":[{"start":{"line":197,"column":35},"end":{"line":197,"column":50}},{"start":{"line":197,"column":53},"end":{"line":197,"column":68}}]},"22":{"line":204,"type":"if","locations":[{"start":{"line":204,"column":12},"end":{"line":204,"column":12}},{"start":{"line":204,"column":12},"end":{"line":204,"column":12}}]}}}}