TN:
SF:/proustibat/occurences/main.js
FN:7,Occurences
FN:37,(anonymous_2)
FN:42,(anonymous_3)
FN:60,(anonymous_4)
FN:68,(anonymous_5)
FN:76,(anonymous_6)
FN:88,(anonymous_7)
FN:96,(anonymous_8)
FN:101,countUsedForEach
FN:108,countUsedForEach
FN:121,(anonymous_11)
FN:148,(anonymous_12)
FN:171,(anonymous_13)
FN:176,countByLengthForEach
FN:183,countByLengthForEach
FN:197,(anonymous_16)
FN:222,(anonymous_17)
FN:224,(anonymous_18)
FN:233,(anonymous_19)
FNF:19
FNH:19
FNDA:19,Occurences
FNDA:4,(anonymous_2)
FNDA:8,(anonymous_3)
FNDA:19,(anonymous_4)
FNDA:6,(anonymous_5)
FNDA:2,(anonymous_6)
FNDA:2,(anonymous_7)
FNDA:2,(anonymous_8)
FNDA:6,countUsedForEach
FNDA:6,countUsedForEach
FNDA:2,(anonymous_11)
FNDA:2,(anonymous_12)
FNDA:2,(anonymous_13)
FNDA:6,countByLengthForEach
FNDA:6,countByLengthForEach
FNDA:5,(anonymous_16)
FNDA:6,(anonymous_17)
FNDA:108,(anonymous_18)
FNDA:60,(anonymous_19)
DA:1,1
DA:7,1
DA:8,19
DA:9,19
DA:10,19
DA:11,19
DA:12,19
DA:13,19
DA:14,19
DA:15,19
DA:17,19
DA:18,19
DA:21,19
DA:22,14
DA:26,123
DA:27,123
DA:30,90
DA:31,90
DA:34,19
DA:37,1
DA:38,4
DA:41,4
DA:42,4
DA:43,8
DA:44,5
DA:49,4
DA:50,2
DA:52,4
DA:55,1
DA:61,19
DA:69,6
DA:78,2
DA:79,1
DA:81,2
DA:90,2
DA:91,1
DA:93,2
DA:98,2
DA:99,2
DA:100,2
DA:101,2
DA:102,6
DA:105,2
DA:106,1
DA:108,2
DA:109,6
DA:110,6
DA:111,4
DA:114,2
DA:122,2
DA:124,1
DA:141,2
DA:149,2
DA:151,1
DA:168,2
DA:172,2
DA:173,2
DA:174,2
DA:176,2
DA:177,6
DA:180,2
DA:181,1
DA:183,2
DA:184,6
DA:185,4
DA:188,2
DA:200,5
DA:203,5
DA:206,5
DA:207,1
DA:209,4
DA:210,1
DA:214,3
DA:215,3
DA:218,3
DA:224,6
DA:225,108
DA:226,52
DA:229,56
DA:232,6
DA:233,6
DA:234,60
DA:236,6
DA:243,1
LF:84
LH:84
BRDA:17,1,0,4
BRDA:17,1,1,15
BRDA:21,2,0,14
BRDA:21,2,1,5
BRDA:30,3,0,29
BRDA:30,3,1,61
BRDA:43,4,0,5
BRDA:43,4,1,3
BRDA:43,5,0,8
BRDA:43,5,1,8
BRDA:43,5,2,7
BRDA:49,6,0,2
BRDA:49,6,1,2
BRDA:49,7,0,4
BRDA:49,7,1,4
BRDA:49,7,2,3
BRDA:49,7,3,2
BRDA:50,8,0,1
BRDA:50,8,1,1
BRDA:78,9,0,1
BRDA:78,9,1,1
BRDA:90,10,0,1
BRDA:90,10,1,1
BRDA:105,11,0,1
BRDA:105,11,1,1
BRDA:110,12,0,4
BRDA:110,12,1,2
BRDA:122,13,0,1
BRDA:122,13,1,1
BRDA:149,14,0,1
BRDA:149,14,1,1
BRDA:180,15,0,1
BRDA:180,15,1,1
BRDA:184,16,0,4
BRDA:184,16,1,2
BRDA:200,17,0,1
BRDA:200,17,1,4
BRDA:206,18,0,1
BRDA:206,18,1,4
BRDA:206,19,0,5
BRDA:206,19,1,2
BRDA:209,20,0,1
BRDA:209,20,1,3
BRDA:209,21,0,4
BRDA:209,21,1,3
BRDA:218,22,0,1
BRDA:218,22,1,2
BRDA:225,23,0,52
BRDA:225,23,1,56
BRF:49
BRH:49
end_of_record
