TN:
SF:/workspace/projects/occurences/main.js
FN:6,(anonymous_1)
FN:31,Occurences
FN:71,(anonymous_3)
FN:79,(anonymous_4)
FN:87,(anonymous_5)
FN:96,(anonymous_6)
FN:101,(anonymous_7)
FN:132,(anonymous_8)
FN:141,(anonymous_9)
FN:146,(anonymous_10)
FN:178,(anonymous_11)
FN:200,(anonymous_12)
FNF:12
FNH:12
FNDA:9,(anonymous_1)
FNDA:26,Occurences
FNDA:19,(anonymous_3)
FNDA:11,(anonymous_4)
FNDA:2,(anonymous_5)
FNDA:2,(anonymous_6)
FNDA:4,(anonymous_7)
FNDA:2,(anonymous_8)
FNDA:2,(anonymous_9)
FNDA:4,(anonymous_10)
FNDA:9,(anonymous_11)
FNDA:10,(anonymous_12)
DA:1,1
DA:6,1
DA:7,9
DA:10,9
DA:11,9
DA:12,18
DA:15,7
DA:20,9
DA:23,5
DA:25,4
DA:28,9
DA:31,1
DA:32,26
DA:33,26
DA:34,26
DA:35,26
DA:36,26
DA:37,26
DA:38,26
DA:39,26
DA:41,26
DA:42,26
DA:45,26
DA:46,21
DA:51,165
DA:53,165
DA:54,125
DA:57,121
DA:58,121
DA:61,26
DA:66,1
DA:72,19
DA:80,11
DA:88,2
DA:89,2
DA:97,2
DA:98,2
DA:103,4
DA:105,2
DA:106,2
DA:107,2
DA:108,2
DA:109,6
DA:112,2
DA:113,1
DA:115,2
DA:116,6
DA:117,6
DA:118,4
DA:121,2
DA:123,2
DA:133,2
DA:134,2
DA:142,2
DA:143,2
DA:148,4
DA:149,2
DA:150,2
DA:151,2
DA:154,2
DA:155,6
DA:158,2
DA:159,1
DA:161,2
DA:162,6
DA:163,4
DA:166,2
DA:168,2
DA:181,9
DA:184,9
DA:185,2
DA:187,7
DA:188,2
DA:192,5
DA:193,5
DA:196,5
DA:202,10
DA:203,76
DA:207,10
DA:208,140
DA:209,90
DA:212,50
DA:215,10
DA:219,1
LF:84
LH:84
BRDA:12,1,0,7
BRDA:12,1,1,11
BRDA:12,2,0,18
BRDA:12,2,1,18
BRDA:12,2,2,9
BRDA:20,3,0,5
BRDA:20,3,1,4
BRDA:20,4,0,9
BRDA:20,4,1,9
BRDA:20,4,2,6
BRDA:20,4,3,4
BRDA:24,5,0,3
BRDA:24,5,1,2
BRDA:41,6,0,9
BRDA:41,6,1,17
BRDA:45,7,0,21
BRDA:45,7,1,5
BRDA:51,8,0,5
BRDA:51,8,1,160
BRDA:57,9,0,41
BRDA:57,9,1,80
BRDA:103,10,0,2
BRDA:103,10,1,2
BRDA:112,11,0,1
BRDA:112,11,1,1
BRDA:117,12,0,4
BRDA:117,12,1,2
BRDA:148,13,0,2
BRDA:148,13,1,2
BRDA:158,14,0,1
BRDA:158,14,1,1
BRDA:162,15,0,4
BRDA:162,15,1,2
BRDA:184,16,0,2
BRDA:184,16,1,7
BRDA:184,17,0,9
BRDA:184,17,1,4
BRDA:187,18,0,2
BRDA:187,18,1,5
BRDA:187,19,0,7
BRDA:187,19,1,5
BRDA:196,20,0,2
BRDA:196,20,1,3
BRDA:208,21,0,90
BRDA:208,21,1,50
BRF:45
BRH:45
end_of_record
